<?xml version="1.0" encoding="UTF-8"?>
<!-- Generated by org.testng.reporters.JUnitReportReporter -->
<testsuite skipped="0" hostname="CPX-E7F9QGSVXLX" name="Tests.Home" tests="2" failures="0" timestamp="28 sep 2018 19:54:28 GMT" time="8.813" errors="0">
  <testcase name="feature" time="0.006" classname="Tests.Home"/>
  <testcase name="feature" time="8.807" classname="Tests.Home"/>
</testsuite> <!-- Tests.Home -->
