<?xml version="1.0" encoding="UTF-8"?>
<!-- Generated by org.testng.reporters.JUnitReportReporter -->
<testsuite skipped="0" hostname="CPX-E7F9QGSVXLX" name="Tests.Login" tests="2" failures="0" timestamp="28 sep 2018 19:54:28 GMT" time="9.034" errors="0">
  <testcase name="feature" time="0.181" classname="Tests.Login"/>
  <testcase name="feature" time="8.853" classname="Tests.Login"/>
</testsuite> <!-- Tests.Login -->
